<?xml version="1.0" encoding="UTF-8"?>
<testExecutions version="1">
  <file path="/home/sudjoao/Documentos/UnB/2021.1/EPS/Project/2021.1-Pro-Especies-Backend/test/controllers/userController.spec.ts">
    <testCase name="Test Create User function Should get a statusCode 200 when create a user with the right data" duration="4"/>
    <testCase name="Test Create User function should get a statusCode 409 if provided used email" duration="0"/>
    <testCase name="Test Create User function should get a statusCode 409 if provided used phone" duration="1"/>
    <testCase name="Test Create User function should get a statusCode 400 if request failed" duration="0"/>
    <testCase name="Test Get All Users function should get a statusCode 200 if request succeed" duration="0"/>
    <testCase name="Test Get All Users function should get a statusCode 500 if request failed" duration="1"/>
    <testCase name="Test Login function should get a statusCode 200 if login with the right data" duration="0"/>
    <testCase name="Test Login function should get a statusCode 401 if password is incorrect" duration="1"/>
    <testCase name="Test Login function should get a statusCode 500 if request failed" duration="0"/>
  </file>
</testExecutions>